<?xml version="1.0" encoding="UTF-8"?>
<!-- Generated by org.testng.reporters.JUnitReportReporter -->
<testsuite hostname="Vijay" failures="0" tests="3" name="seleniumGrid.MyTestNG" time="0.004" errors="0" timestamp="2023-02-13T01:23:44 IST" skipped="0">
  <testcase classname="seleniumGrid.MyTestNG" name="test3" time="0.001"/>
  <system-out/>
  <testcase classname="seleniumGrid.MyTestNG" name="test1" time="0.002"/>
  <system-out/>
  <testcase classname="seleniumGrid.MyTestNG" name="test2" time="0.001"/>
  <system-out/>
</testsuite> <!-- seleniumGrid.MyTestNG -->
