<?xml version="1.0" encoding="UTF-8"?>
<!-- Generated by org.testng.reporters.JUnitReportReporter -->
<testsuite hostname="Vijay" failures="0" tests="7" name="seleniumGrid.SeleniumWithTestNG" time="29.489" errors="0" timestamp="2023-02-13T01:23:44 IST" skipped="0">
  <testcase classname="seleniumGrid.SeleniumWithTestNG" name="startBrowser" time="3.241"/>
  <system-out/>
  <testcase classname="seleniumGrid.SeleniumWithTestNG" name="verifyURL" time="0.030"/>
  <system-out/>
  <testcase classname="seleniumGrid.SeleniumWithTestNG" name="verifyTitle" time="0.008"/>
  <system-out/>
  <testcase classname="seleniumGrid.SeleniumWithTestNG" name="verifyFooterCount" time="0.022"/>
  <system-out/>
  <testcase classname="seleniumGrid.SeleniumWithTestNG" name="verifyLogIntoApplication" time="25.790"/>
  <system-out/>
  <testcase classname="seleniumGrid.SeleniumWithTestNG" name="verfiyLogoutFromApplication" time="0.170"/>
  <system-out/>
  <testcase classname="seleniumGrid.SeleniumWithTestNG" name="closeBrowser" time="0.228"/>
  <system-out/>
</testsuite> <!-- seleniumGrid.SeleniumWithTestNG -->
