<?xml version="1.0" encoding="UTF-8"?>
<!-- Generated by org.testng.reporters.JUnitReportReporter -->
<testsuite hostname="Vijay" failures="0" tests="1" name="jan21TestNg.SoftAssert" time="0.017" errors="0" timestamp="2023-02-13T01:10:56 IST" skipped="0">
  <testcase classname="jan21TestNg.SoftAssert" name="test1" time="0.017"/>
  <system-out>
    <![CDATA[Test case 1 executed
Test case 2 executed]]>
  </system-out>
</testsuite> <!-- jan21TestNg.SoftAssert -->
