<?xml version="1.0" encoding="UTF-8"?>
<!-- Generated by org.testng.reporters.JUnitReportReporter -->
<testsuite hostname="Vijay" failures="0" tests="3" name="seleniumGrid.MYFirstTestNG" time="0.017" errors="0" timestamp="2023-02-07T23:17:11 IST" skipped="0">
  <testcase classname="seleniumGrid.MYFirstTestNG" name="test1" time="0.010"/>
  <system-out/>
  <testcase classname="seleniumGrid.MYFirstTestNG" name="test3" time="0.003"/>
  <system-out/>
  <testcase classname="seleniumGrid.MYFirstTestNG" name="test2" time="0.004"/>
  <system-out/>
</testsuite> <!-- seleniumGrid.MYFirstTestNG -->
