<?xml version="1.0" encoding="UTF-8"?>
<!-- Generated by org.testng.reporters.JUnitReportReporter -->
<testsuite hostname="Vijay" failures="0" tests="2" name="jan21TestNg.SkipTest" time="0.013" errors="0" timestamp="2023-06-22T10:24:02 IST" skipped="1">
  <testcase classname="jan21TestNg.SkipTest" name="login" time="0.013"/>
  <system-out>
    <![CDATA[Login to Application]]>
  </system-out>
  <testcase classname="jan21TestNg.SkipTest" name="logout">
    <skipped/>
  </testcase> <!-- logout -->
  <system-out/>
</testsuite> <!-- jan21TestNg.SkipTest -->
