<?xml version="1.0" encoding="UTF-8"?>
<!-- Generated by org.testng.reporters.JUnitReportReporter -->
<testsuite hostname="Vijay" failures="0" tests="2" name="jan21TestNg.SkipTest" time="0.016" errors="0" timestamp="2023-02-13T01:21:49 IST" skipped="0">
  <testcase classname="jan21TestNg.SkipTest" name="logout" time="0.002"/>
  <system-out>
    <![CDATA[log out from Application]]>
  </system-out>
  <testcase classname="jan21TestNg.SkipTest" name="login" time="0.014"/>
  <system-out>
    <![CDATA[Login to Application]]>
  </system-out>
</testsuite> <!-- jan21TestNg.SkipTest -->
