<?xml version="1.0" encoding="UTF-8"?>
<!-- Generated by org.testng.reporters.JUnitReportReporter -->
<testsuite hostname="Vijay" failures="0" tests="4" name="seleniumGrid.MyTestNG2" time="0.005" errors="0" timestamp="2023-02-13T01:23:44 IST" skipped="0">
  <testcase classname="seleniumGrid.MyTestNG2" name="makePayment" time="0.001"/>
  <system-out/>
  <testcase classname="seleniumGrid.MyTestNG2" name="login" time="0.002"/>
  <system-out/>
  <testcase classname="seleniumGrid.MyTestNG2" name="createAccount" time="0.001"/>
  <system-out/>
  <testcase classname="seleniumGrid.MyTestNG2" name="logOut" time="0.001"/>
  <system-out/>
</testsuite> <!-- seleniumGrid.MyTestNG2 -->
